<?xml version="1.0" encoding="UTF-8"?>
<testsuites name="multiple-info" time="172.876" tests="5" failures="0" errors="0">
   <testsuite name="multiple-info" tests="5" failures="0" errors="0" time="172.876" skipped="0" timestamp="2023-04-18 21:09:54" hostname="USER - 192.168.1.72" id="Test Suites/multiple-info">
      <properties>
         <property name="deviceName" value=""/>
         <property name="devicePlatform" value=""/>
         <property name="logFolder" value="C:\\Users\\USER\\git\\DDTKatalonQuiz\\Reports\\20230418_210944\\multiple-info\\20230418_210944"/>
         <property name="logFiles" value="C:\\Users\\USER\\git\\DDTKatalonQuiz\\Reports\\20230418_210944\\multiple-info\\20230418_210944\\execution0.log"/>
         <property name="attachments" value=""/>
         <property name="hostName" value="USER - 192.168.1.72"/>
         <property name="os" value="Windows 10 64bit"/>
         <property name="katalonVersion" value="8.6.0.208"/>
         <property name="browser" value="Chrome 112.0.0.0"/>
         <property name="hostAddress" value="192.168.1.72"/>
         <property name="sessionId" value="769af819eb8b3f8835b4b47a123727af"/>
         <property name="seleniumVersion" value="3.141.59"/>
         <property name="proxyInformation" value="ProxyInformation { proxyOption=NO_PROXY, proxyServerType=HTTP, username=, password=********, proxyServerAddress=, proxyServerPort=0, executionList=&quot;&quot;, isApplyToDesiredCapabilities=true }"/>
         <property name="platform" value="Windows 10"/>
      </properties>
      <testcase name="Test Cases/Positive Case/SK002-Shopping_cart/TC001-Checkout_product" time="35.694" classname="Test Cases/Positive Case/SK002-Shopping_cart/TC001-Checkout_product" status="PASSED">
         <system-out><![CDATA[2023-04-18 21:09:56 - [TEST_CASE][PASSED] - Test Cases/Positive Case/SK002-Shopping_cart/TC001-Checkout_product: Test Cases/Positive Case/SK002-Shopping_cart/TC001-Checkout_product

2023-04-18 21:09:57 - [TEST_STEP][PASSED] - openBrowser(""): Browser is opened with url: ''

2023-04-18 21:09:59 - [MESSAGE][INFO] - Starting 'Chrome' driver

2023-04-18 21:09:59 - [MESSAGE][INFO] - Action delay is set to 0 milliseconds

2023-04-18 21:10:05 - [MESSAGE][PASSED] - Browser is opened with url: ''

2023-04-18 21:10:05 - [TEST_STEP][PASSED] - navigateToUrl("https://www.saucedemo.com/"): Navigate to 'https://www.saucedemo.com/' successfully

2023-04-18 21:10:17 - [MESSAGE][PASSED] - Navigate to 'https://www.saucedemo.com/' successfully

2023-04-18 21:10:17 - [TEST_STEP][PASSED] - setText(findTestObject("P001-Login/input_Swag Labs_user-name"), username): Text 'standard_user' is set on object 'Object Repository/P001-Login/input_Swag Labs_user-name'

2023-04-18 21:10:19 - [MESSAGE][PASSED] - Text 'standard_user' is set on object 'Object Repository/P001-Login/input_Swag Labs_user-name'

2023-04-18 21:10:19 - [TEST_STEP][PASSED] - setEncryptedText(findTestObject("P001-Login/input_Swag Labs_password"), passwordEnc): Text ****** has been set on object 'Object Repository/P001-Login/input_Swag Labs_password'

2023-04-18 21:10:20 - [MESSAGE][PASSED] - Text ****** has been set on object 'Object Repository/P001-Login/input_Swag Labs_password'

2023-04-18 21:10:20 - [TEST_STEP][PASSED] - click(findTestObject("P001-Login/input_Swag Labs_login-button")): Object: 'Object Repository/P001-Login/input_Swag Labs_login-button' is clicked on

2023-04-18 21:10:21 - [MESSAGE][PASSED] - Object: 'Object Repository/P001-Login/input_Swag Labs_login-button' is clicked on

2023-04-18 21:10:21 - [TEST_STEP][PASSED] - click(findTestObject("P002-Products/button_Add to cart")): Object: 'Object Repository/P002-Products/button_Add to cart' is clicked on

2023-04-18 21:10:23 - [MESSAGE][PASSED] - Object: 'Object Repository/P002-Products/button_Add to cart' is clicked on

2023-04-18 21:10:23 - [TEST_STEP][PASSED] - click(findTestObject("P002-Products/a_1")): Object: 'Object Repository/P002-Products/a_1' is clicked on

2023-04-18 21:10:24 - [MESSAGE][PASSED] - Object: 'Object Repository/P002-Products/a_1' is clicked on

2023-04-18 21:10:24 - [TEST_STEP][PASSED] - click(findTestObject("P002-Products/button_Checkout")): Object: 'Object Repository/P002-Products/button_Checkout' is clicked on

2023-04-18 21:10:25 - [MESSAGE][PASSED] - Object: 'Object Repository/P002-Products/button_Checkout' is clicked on

2023-04-18 21:10:25 - [TEST_STEP][PASSED] - setText(findTestObject("Object Repository/P004-Checkout/input_Checkout Your Information_firstName"), first_name): Text 'Rika' is set on object 'Object Repository/P004-Checkout/input_Checkout Your Information_firstName'

2023-04-18 21:10:26 - [MESSAGE][PASSED] - Text 'Rika' is set on object 'Object Repository/P004-Checkout/input_Checkout Your Information_firstName'

2023-04-18 21:10:26 - [TEST_STEP][PASSED] - setText(findTestObject("Object Repository/P004-Checkout/input_Checkout Your Information_lastName"), last_name): Text 'Riri' is set on object 'Object Repository/P004-Checkout/input_Checkout Your Information_lastName'

2023-04-18 21:10:27 - [MESSAGE][PASSED] - Text 'Riri' is set on object 'Object Repository/P004-Checkout/input_Checkout Your Information_lastName'

2023-04-18 21:10:27 - [TEST_STEP][PASSED] - setText(findTestObject("Object Repository/P004-Checkout/input_Checkout Your Information_postalCode"), postal_code): Text '69302' is set on object 'Object Repository/P004-Checkout/input_Checkout Your Information_postalCode'

2023-04-18 21:10:28 - [MESSAGE][PASSED] - Text '69302' is set on object 'Object Repository/P004-Checkout/input_Checkout Your Information_postalCode'

2023-04-18 21:10:28 - [TEST_STEP][PASSED] - click(findTestObject("Object Repository/P004-Checkout/input_Cancel_continue")): Object: 'Object Repository/P004-Checkout/input_Cancel_continue' is clicked on

2023-04-18 21:10:29 - [MESSAGE][PASSED] - Object: 'Object Repository/P004-Checkout/input_Cancel_continue' is clicked on

2023-04-18 21:10:29 - [TEST_STEP][PASSED] - click(findTestObject("Object Repository/P004-Checkout/button_Finish")): Object: 'Object Repository/P004-Checkout/button_Finish' is clicked on

2023-04-18 21:10:30 - [MESSAGE][PASSED] - Object: 'Object Repository/P004-Checkout/button_Finish' is clicked on

2023-04-18 21:10:30 - [TEST_STEP][PASSED] - click(findTestObject("Object Repository/P004-Checkout/button_Back Home")): Object: 'Object Repository/P004-Checkout/button_Back Home' is clicked on

2023-04-18 21:10:30 - [MESSAGE][PASSED] - Object: 'Object Repository/P004-Checkout/button_Back Home' is clicked on

2023-04-18 21:10:30 - [TEST_STEP][PASSED] - closeBrowser(): Browser is closed

2023-04-18 21:10:31 - [MESSAGE][PASSED] - Browser is closed]]></system-out>
         <system-err><![CDATA[]]></system-err>
      </testcase>
      <testcase name="Test Cases/Positive Case/SK002-Shopping_cart/TC001-Checkout_product" time="16.812" classname="Test Cases/Positive Case/SK002-Shopping_cart/TC001-Checkout_product" status="PASSED">
         <system-out><![CDATA[2023-04-18 21:10:32 - [TEST_CASE][PASSED] - Test Cases/Positive Case/SK002-Shopping_cart/TC001-Checkout_product: Test Cases/Positive Case/SK002-Shopping_cart/TC001-Checkout_product

2023-04-18 21:10:32 - [TEST_STEP][PASSED] - openBrowser(""): Browser is opened with url: ''

2023-04-18 21:10:32 - [MESSAGE][INFO] - Starting 'Chrome' driver

2023-04-18 21:10:32 - [MESSAGE][INFO] - Action delay is set to 0 milliseconds

2023-04-18 21:10:34 - [MESSAGE][PASSED] - Browser is opened with url: ''

2023-04-18 21:10:34 - [TEST_STEP][PASSED] - navigateToUrl("https://www.saucedemo.com/"): Navigate to 'https://www.saucedemo.com/' successfully

2023-04-18 21:10:37 - [MESSAGE][PASSED] - Navigate to 'https://www.saucedemo.com/' successfully

2023-04-18 21:10:37 - [TEST_STEP][PASSED] - setText(findTestObject("P001-Login/input_Swag Labs_user-name"), username): Text 'standard_user' is set on object 'Object Repository/P001-Login/input_Swag Labs_user-name'

2023-04-18 21:10:38 - [MESSAGE][PASSED] - Text 'standard_user' is set on object 'Object Repository/P001-Login/input_Swag Labs_user-name'

2023-04-18 21:10:38 - [TEST_STEP][PASSED] - setEncryptedText(findTestObject("P001-Login/input_Swag Labs_password"), passwordEnc): Text ****** has been set on object 'Object Repository/P001-Login/input_Swag Labs_password'

2023-04-18 21:10:39 - [MESSAGE][PASSED] - Text ****** has been set on object 'Object Repository/P001-Login/input_Swag Labs_password'

2023-04-18 21:10:39 - [TEST_STEP][PASSED] - click(findTestObject("P001-Login/input_Swag Labs_login-button")): Object: 'Object Repository/P001-Login/input_Swag Labs_login-button' is clicked on

2023-04-18 21:10:40 - [MESSAGE][PASSED] - Object: 'Object Repository/P001-Login/input_Swag Labs_login-button' is clicked on

2023-04-18 21:10:40 - [TEST_STEP][PASSED] - click(findTestObject("P002-Products/button_Add to cart")): Object: 'Object Repository/P002-Products/button_Add to cart' is clicked on

2023-04-18 21:10:41 - [MESSAGE][PASSED] - Object: 'Object Repository/P002-Products/button_Add to cart' is clicked on

2023-04-18 21:10:41 - [TEST_STEP][PASSED] - click(findTestObject("P002-Products/a_1")): Object: 'Object Repository/P002-Products/a_1' is clicked on

2023-04-18 21:10:41 - [MESSAGE][PASSED] - Object: 'Object Repository/P002-Products/a_1' is clicked on

2023-04-18 21:10:41 - [TEST_STEP][PASSED] - click(findTestObject("P002-Products/button_Checkout")): Object: 'Object Repository/P002-Products/button_Checkout' is clicked on

2023-04-18 21:10:42 - [MESSAGE][PASSED] - Object: 'Object Repository/P002-Products/button_Checkout' is clicked on

2023-04-18 21:10:42 - [TEST_STEP][PASSED] - setText(findTestObject("Object Repository/P004-Checkout/input_Checkout Your Information_firstName"), first_name): Text 'Rima' is set on object 'Object Repository/P004-Checkout/input_Checkout Your Information_firstName'

2023-04-18 21:10:43 - [MESSAGE][PASSED] - Text 'Rima' is set on object 'Object Repository/P004-Checkout/input_Checkout Your Information_firstName'

2023-04-18 21:10:43 - [TEST_STEP][PASSED] - setText(findTestObject("Object Repository/P004-Checkout/input_Checkout Your Information_lastName"), last_name): Text '123#$#' is set on object 'Object Repository/P004-Checkout/input_Checkout Your Information_lastName'

2023-04-18 21:10:44 - [MESSAGE][PASSED] - Text '123#$#' is set on object 'Object Repository/P004-Checkout/input_Checkout Your Information_lastName'

2023-04-18 21:10:44 - [TEST_STEP][PASSED] - setText(findTestObject("Object Repository/P004-Checkout/input_Checkout Your Information_postalCode"), postal_code): Text '85968' is set on object 'Object Repository/P004-Checkout/input_Checkout Your Information_postalCode'

2023-04-18 21:10:45 - [MESSAGE][PASSED] - Text '85968' is set on object 'Object Repository/P004-Checkout/input_Checkout Your Information_postalCode'

2023-04-18 21:10:45 - [TEST_STEP][PASSED] - click(findTestObject("Object Repository/P004-Checkout/input_Cancel_continue")): Object: 'Object Repository/P004-Checkout/input_Cancel_continue' is clicked on

2023-04-18 21:10:46 - [MESSAGE][PASSED] - Object: 'Object Repository/P004-Checkout/input_Cancel_continue' is clicked on

2023-04-18 21:10:46 - [TEST_STEP][PASSED] - click(findTestObject("Object Repository/P004-Checkout/button_Finish")): Object: 'Object Repository/P004-Checkout/button_Finish' is clicked on

2023-04-18 21:10:47 - [MESSAGE][PASSED] - Object: 'Object Repository/P004-Checkout/button_Finish' is clicked on

2023-04-18 21:10:47 - [TEST_STEP][PASSED] - click(findTestObject("Object Repository/P004-Checkout/button_Back Home")): Object: 'Object Repository/P004-Checkout/button_Back Home' is clicked on

2023-04-18 21:10:47 - [MESSAGE][PASSED] - Object: 'Object Repository/P004-Checkout/button_Back Home' is clicked on

2023-04-18 21:10:47 - [TEST_STEP][PASSED] - closeBrowser(): Browser is closed

2023-04-18 21:10:48 - [MESSAGE][PASSED] - Browser is closed]]></system-out>
         <system-err><![CDATA[]]></system-err>
      </testcase>
      <testcase name="Test Cases/Positive Case/SK002-Shopping_cart/TC001-Checkout_product" time="74.187" classname="Test Cases/Positive Case/SK002-Shopping_cart/TC001-Checkout_product" status="PASSED">
         <system-out><![CDATA[2023-04-18 21:10:49 - [TEST_CASE][PASSED] - Test Cases/Positive Case/SK002-Shopping_cart/TC001-Checkout_product: Test Cases/Positive Case/SK002-Shopping_cart/TC001-Checkout_product

2023-04-18 21:10:49 - [TEST_STEP][PASSED] - openBrowser(""): Browser is opened with url: ''

2023-04-18 21:10:49 - [MESSAGE][INFO] - Starting 'Chrome' driver

2023-04-18 21:10:49 - [MESSAGE][INFO] - Action delay is set to 0 milliseconds

2023-04-18 21:10:51 - [MESSAGE][PASSED] - Browser is opened with url: ''

2023-04-18 21:10:51 - [TEST_STEP][PASSED] - navigateToUrl("https://www.saucedemo.com/"): Navigate to 'https://www.saucedemo.com/' successfully

2023-04-18 21:11:46 - [MESSAGE][PASSED] - Navigate to 'https://www.saucedemo.com/' successfully

2023-04-18 21:11:46 - [TEST_STEP][PASSED] - setText(findTestObject("P001-Login/input_Swag Labs_user-name"), username): Text 'standard_user' is set on object 'Object Repository/P001-Login/input_Swag Labs_user-name'

2023-04-18 21:11:47 - [MESSAGE][PASSED] - Text 'standard_user' is set on object 'Object Repository/P001-Login/input_Swag Labs_user-name'

2023-04-18 21:11:47 - [TEST_STEP][PASSED] - setEncryptedText(findTestObject("P001-Login/input_Swag Labs_password"), passwordEnc): Text ****** has been set on object 'Object Repository/P001-Login/input_Swag Labs_password'

2023-04-18 21:11:48 - [MESSAGE][PASSED] - Text ****** has been set on object 'Object Repository/P001-Login/input_Swag Labs_password'

2023-04-18 21:11:48 - [TEST_STEP][PASSED] - click(findTestObject("P001-Login/input_Swag Labs_login-button")): Object: 'Object Repository/P001-Login/input_Swag Labs_login-button' is clicked on

2023-04-18 21:11:50 - [MESSAGE][PASSED] - Object: 'Object Repository/P001-Login/input_Swag Labs_login-button' is clicked on

2023-04-18 21:11:50 - [TEST_STEP][PASSED] - click(findTestObject("P002-Products/button_Add to cart")): Object: 'Object Repository/P002-Products/button_Add to cart' is clicked on

2023-04-18 21:11:51 - [MESSAGE][PASSED] - Object: 'Object Repository/P002-Products/button_Add to cart' is clicked on

2023-04-18 21:11:51 - [TEST_STEP][PASSED] - click(findTestObject("P002-Products/a_1")): Object: 'Object Repository/P002-Products/a_1' is clicked on

2023-04-18 21:11:52 - [MESSAGE][PASSED] - Object: 'Object Repository/P002-Products/a_1' is clicked on

2023-04-18 21:11:52 - [TEST_STEP][PASSED] - click(findTestObject("P002-Products/button_Checkout")): Object: 'Object Repository/P002-Products/button_Checkout' is clicked on

2023-04-18 21:11:53 - [MESSAGE][PASSED] - Object: 'Object Repository/P002-Products/button_Checkout' is clicked on

2023-04-18 21:11:53 - [TEST_STEP][PASSED] - setText(findTestObject("Object Repository/P004-Checkout/input_Checkout Your Information_firstName"), first_name): Text '123^5$' is set on object 'Object Repository/P004-Checkout/input_Checkout Your Information_firstName'

2023-04-18 21:11:55 - [MESSAGE][PASSED] - Text '123^5$' is set on object 'Object Repository/P004-Checkout/input_Checkout Your Information_firstName'

2023-04-18 21:11:55 - [TEST_STEP][PASSED] - setText(findTestObject("Object Repository/P004-Checkout/input_Checkout Your Information_lastName"), last_name): Text 'Mika' is set on object 'Object Repository/P004-Checkout/input_Checkout Your Information_lastName'

2023-04-18 21:11:56 - [MESSAGE][PASSED] - Text 'Mika' is set on object 'Object Repository/P004-Checkout/input_Checkout Your Information_lastName'

2023-04-18 21:11:56 - [TEST_STEP][PASSED] - setText(findTestObject("Object Repository/P004-Checkout/input_Checkout Your Information_postalCode"), postal_code): Text '48556' is set on object 'Object Repository/P004-Checkout/input_Checkout Your Information_postalCode'

2023-04-18 21:11:57 - [MESSAGE][PASSED] - Text '48556' is set on object 'Object Repository/P004-Checkout/input_Checkout Your Information_postalCode'

2023-04-18 21:11:57 - [TEST_STEP][PASSED] - click(findTestObject("Object Repository/P004-Checkout/input_Cancel_continue")): Object: 'Object Repository/P004-Checkout/input_Cancel_continue' is clicked on

2023-04-18 21:11:59 - [MESSAGE][PASSED] - Object: 'Object Repository/P004-Checkout/input_Cancel_continue' is clicked on

2023-04-18 21:11:59 - [TEST_STEP][PASSED] - click(findTestObject("Object Repository/P004-Checkout/button_Finish")): Object: 'Object Repository/P004-Checkout/button_Finish' is clicked on

2023-04-18 21:12:00 - [MESSAGE][PASSED] - Object: 'Object Repository/P004-Checkout/button_Finish' is clicked on

2023-04-18 21:12:00 - [TEST_STEP][PASSED] - click(findTestObject("Object Repository/P004-Checkout/button_Back Home")): Object: 'Object Repository/P004-Checkout/button_Back Home' is clicked on

2023-04-18 21:12:01 - [MESSAGE][PASSED] - Object: 'Object Repository/P004-Checkout/button_Back Home' is clicked on

2023-04-18 21:12:01 - [TEST_STEP][PASSED] - closeBrowser(): Browser is closed

2023-04-18 21:12:03 - [MESSAGE][PASSED] - Browser is closed]]></system-out>
         <system-err><![CDATA[]]></system-err>
      </testcase>
      <testcase name="Test Cases/Positive Case/SK002-Shopping_cart/TC001-Checkout_product" time="23.514" classname="Test Cases/Positive Case/SK002-Shopping_cart/TC001-Checkout_product" status="PASSED">
         <system-out><![CDATA[2023-04-18 21:12:03 - [TEST_CASE][PASSED] - Test Cases/Positive Case/SK002-Shopping_cart/TC001-Checkout_product: Test Cases/Positive Case/SK002-Shopping_cart/TC001-Checkout_product

2023-04-18 21:12:03 - [TEST_STEP][PASSED] - openBrowser(""): Browser is opened with url: ''

2023-04-18 21:12:03 - [MESSAGE][INFO] - Starting 'Chrome' driver

2023-04-18 21:12:03 - [MESSAGE][INFO] - Action delay is set to 0 milliseconds

2023-04-18 21:12:06 - [MESSAGE][PASSED] - Browser is opened with url: ''

2023-04-18 21:12:06 - [TEST_STEP][PASSED] - navigateToUrl("https://www.saucedemo.com/"): Navigate to 'https://www.saucedemo.com/' successfully

2023-04-18 21:12:09 - [MESSAGE][PASSED] - Navigate to 'https://www.saucedemo.com/' successfully

2023-04-18 21:12:09 - [TEST_STEP][PASSED] - setText(findTestObject("P001-Login/input_Swag Labs_user-name"), username): Text 'standard_user' is set on object 'Object Repository/P001-Login/input_Swag Labs_user-name'

2023-04-18 21:12:10 - [MESSAGE][PASSED] - Text 'standard_user' is set on object 'Object Repository/P001-Login/input_Swag Labs_user-name'

2023-04-18 21:12:10 - [TEST_STEP][PASSED] - setEncryptedText(findTestObject("P001-Login/input_Swag Labs_password"), passwordEnc): Text ****** has been set on object 'Object Repository/P001-Login/input_Swag Labs_password'

2023-04-18 21:12:11 - [MESSAGE][PASSED] - Text ****** has been set on object 'Object Repository/P001-Login/input_Swag Labs_password'

2023-04-18 21:12:11 - [TEST_STEP][PASSED] - click(findTestObject("P001-Login/input_Swag Labs_login-button")): Object: 'Object Repository/P001-Login/input_Swag Labs_login-button' is clicked on

2023-04-18 21:12:13 - [MESSAGE][PASSED] - Object: 'Object Repository/P001-Login/input_Swag Labs_login-button' is clicked on

2023-04-18 21:12:13 - [TEST_STEP][PASSED] - click(findTestObject("P002-Products/button_Add to cart")): Object: 'Object Repository/P002-Products/button_Add to cart' is clicked on

2023-04-18 21:12:14 - [MESSAGE][PASSED] - Object: 'Object Repository/P002-Products/button_Add to cart' is clicked on

2023-04-18 21:12:14 - [TEST_STEP][PASSED] - click(findTestObject("P002-Products/a_1")): Object: 'Object Repository/P002-Products/a_1' is clicked on

2023-04-18 21:12:15 - [MESSAGE][PASSED] - Object: 'Object Repository/P002-Products/a_1' is clicked on

2023-04-18 21:12:15 - [TEST_STEP][PASSED] - click(findTestObject("P002-Products/button_Checkout")): Object: 'Object Repository/P002-Products/button_Checkout' is clicked on

2023-04-18 21:12:16 - [MESSAGE][PASSED] - Object: 'Object Repository/P002-Products/button_Checkout' is clicked on

2023-04-18 21:12:16 - [TEST_STEP][PASSED] - setText(findTestObject("Object Repository/P004-Checkout/input_Checkout Your Information_firstName"), first_name): Text 'Gina' is set on object 'Object Repository/P004-Checkout/input_Checkout Your Information_firstName'

2023-04-18 21:12:18 - [MESSAGE][PASSED] - Text 'Gina' is set on object 'Object Repository/P004-Checkout/input_Checkout Your Information_firstName'

2023-04-18 21:12:18 - [TEST_STEP][PASSED] - setText(findTestObject("Object Repository/P004-Checkout/input_Checkout Your Information_lastName"), last_name): Text 'Nana' is set on object 'Object Repository/P004-Checkout/input_Checkout Your Information_lastName'

2023-04-18 21:12:20 - [MESSAGE][PASSED] - Text 'Nana' is set on object 'Object Repository/P004-Checkout/input_Checkout Your Information_lastName'

2023-04-18 21:12:20 - [TEST_STEP][PASSED] - setText(findTestObject("Object Repository/P004-Checkout/input_Checkout Your Information_postalCode"), postal_code): Text '1#' is set on object 'Object Repository/P004-Checkout/input_Checkout Your Information_postalCode'

2023-04-18 21:12:22 - [MESSAGE][PASSED] - Text '1#' is set on object 'Object Repository/P004-Checkout/input_Checkout Your Information_postalCode'

2023-04-18 21:12:22 - [TEST_STEP][PASSED] - click(findTestObject("Object Repository/P004-Checkout/input_Cancel_continue")): Object: 'Object Repository/P004-Checkout/input_Cancel_continue' is clicked on

2023-04-18 21:12:23 - [MESSAGE][PASSED] - Object: 'Object Repository/P004-Checkout/input_Cancel_continue' is clicked on

2023-04-18 21:12:23 - [TEST_STEP][PASSED] - click(findTestObject("Object Repository/P004-Checkout/button_Finish")): Object: 'Object Repository/P004-Checkout/button_Finish' is clicked on

2023-04-18 21:12:25 - [MESSAGE][PASSED] - Object: 'Object Repository/P004-Checkout/button_Finish' is clicked on

2023-04-18 21:12:25 - [TEST_STEP][PASSED] - click(findTestObject("Object Repository/P004-Checkout/button_Back Home")): Object: 'Object Repository/P004-Checkout/button_Back Home' is clicked on

2023-04-18 21:12:25 - [MESSAGE][PASSED] - Object: 'Object Repository/P004-Checkout/button_Back Home' is clicked on

2023-04-18 21:12:25 - [TEST_STEP][PASSED] - closeBrowser(): Browser is closed

2023-04-18 21:12:27 - [MESSAGE][PASSED] - Browser is closed]]></system-out>
         <system-err><![CDATA[]]></system-err>
      </testcase>
      <testcase name="Test Cases/Positive Case/SK002-Shopping_cart/TC001-Checkout_product" time="19.792" classname="Test Cases/Positive Case/SK002-Shopping_cart/TC001-Checkout_product" status="PASSED">
         <system-out><![CDATA[2023-04-18 21:12:27 - [TEST_CASE][PASSED] - Test Cases/Positive Case/SK002-Shopping_cart/TC001-Checkout_product: Test Cases/Positive Case/SK002-Shopping_cart/TC001-Checkout_product

2023-04-18 21:12:27 - [TEST_STEP][PASSED] - openBrowser(""): Browser is opened with url: ''

2023-04-18 21:12:27 - [MESSAGE][INFO] - Starting 'Chrome' driver

2023-04-18 21:12:27 - [MESSAGE][INFO] - Action delay is set to 0 milliseconds

2023-04-18 21:12:30 - [MESSAGE][PASSED] - Browser is opened with url: ''

2023-04-18 21:12:30 - [TEST_STEP][PASSED] - navigateToUrl("https://www.saucedemo.com/"): Navigate to 'https://www.saucedemo.com/' successfully

2023-04-18 21:12:34 - [MESSAGE][PASSED] - Navigate to 'https://www.saucedemo.com/' successfully

2023-04-18 21:12:34 - [TEST_STEP][PASSED] - setText(findTestObject("P001-Login/input_Swag Labs_user-name"), username): Text 'standard_user' is set on object 'Object Repository/P001-Login/input_Swag Labs_user-name'

2023-04-18 21:12:35 - [MESSAGE][PASSED] - Text 'standard_user' is set on object 'Object Repository/P001-Login/input_Swag Labs_user-name'

2023-04-18 21:12:35 - [TEST_STEP][PASSED] - setEncryptedText(findTestObject("P001-Login/input_Swag Labs_password"), passwordEnc): Text ****** has been set on object 'Object Repository/P001-Login/input_Swag Labs_password'

2023-04-18 21:12:36 - [MESSAGE][PASSED] - Text ****** has been set on object 'Object Repository/P001-Login/input_Swag Labs_password'

2023-04-18 21:12:36 - [TEST_STEP][PASSED] - click(findTestObject("P001-Login/input_Swag Labs_login-button")): Object: 'Object Repository/P001-Login/input_Swag Labs_login-button' is clicked on

2023-04-18 21:12:37 - [MESSAGE][PASSED] - Object: 'Object Repository/P001-Login/input_Swag Labs_login-button' is clicked on

2023-04-18 21:12:37 - [TEST_STEP][PASSED] - click(findTestObject("P002-Products/button_Add to cart")): Object: 'Object Repository/P002-Products/button_Add to cart' is clicked on

2023-04-18 21:12:38 - [MESSAGE][PASSED] - Object: 'Object Repository/P002-Products/button_Add to cart' is clicked on

2023-04-18 21:12:38 - [TEST_STEP][PASSED] - click(findTestObject("P002-Products/a_1")): Object: 'Object Repository/P002-Products/a_1' is clicked on

2023-04-18 21:12:39 - [MESSAGE][PASSED] - Object: 'Object Repository/P002-Products/a_1' is clicked on

2023-04-18 21:12:39 - [TEST_STEP][PASSED] - click(findTestObject("P002-Products/button_Checkout")): Object: 'Object Repository/P002-Products/button_Checkout' is clicked on

2023-04-18 21:12:40 - [MESSAGE][PASSED] - Object: 'Object Repository/P002-Products/button_Checkout' is clicked on

2023-04-18 21:12:40 - [TEST_STEP][PASSED] - setText(findTestObject("Object Repository/P004-Checkout/input_Checkout Your Information_firstName"), first_name): Text '1212%$#%^&' is set on object 'Object Repository/P004-Checkout/input_Checkout Your Information_firstName'

2023-04-18 21:12:41 - [MESSAGE][PASSED] - Text '1212%$#%^&' is set on object 'Object Repository/P004-Checkout/input_Checkout Your Information_firstName'

2023-04-18 21:12:41 - [TEST_STEP][PASSED] - setText(findTestObject("Object Repository/P004-Checkout/input_Checkout Your Information_lastName"), last_name): Text '1232^78&^&' is set on object 'Object Repository/P004-Checkout/input_Checkout Your Information_lastName'

2023-04-18 21:12:42 - [MESSAGE][PASSED] - Text '1232^78&^&' is set on object 'Object Repository/P004-Checkout/input_Checkout Your Information_lastName'

2023-04-18 21:12:42 - [TEST_STEP][PASSED] - setText(findTestObject("Object Repository/P004-Checkout/input_Checkout Your Information_postalCode"), postal_code): Text '#$%^123345677' is set on object 'Object Repository/P004-Checkout/input_Checkout Your Information_postalCode'

2023-04-18 21:12:43 - [MESSAGE][PASSED] - Text '#$%^123345677' is set on object 'Object Repository/P004-Checkout/input_Checkout Your Information_postalCode'

2023-04-18 21:12:43 - [TEST_STEP][PASSED] - click(findTestObject("Object Repository/P004-Checkout/input_Cancel_continue")): Object: 'Object Repository/P004-Checkout/input_Cancel_continue' is clicked on

2023-04-18 21:12:44 - [MESSAGE][PASSED] - Object: 'Object Repository/P004-Checkout/input_Cancel_continue' is clicked on

2023-04-18 21:12:44 - [TEST_STEP][PASSED] - click(findTestObject("Object Repository/P004-Checkout/button_Finish")): Object: 'Object Repository/P004-Checkout/button_Finish' is clicked on

2023-04-18 21:12:44 - [MESSAGE][PASSED] - Object: 'Object Repository/P004-Checkout/button_Finish' is clicked on

2023-04-18 21:12:44 - [TEST_STEP][PASSED] - click(findTestObject("Object Repository/P004-Checkout/button_Back Home")): Object: 'Object Repository/P004-Checkout/button_Back Home' is clicked on

2023-04-18 21:12:45 - [MESSAGE][PASSED] - Object: 'Object Repository/P004-Checkout/button_Back Home' is clicked on

2023-04-18 21:12:45 - [TEST_STEP][PASSED] - closeBrowser(): Browser is closed

2023-04-18 21:12:47 - [MESSAGE][PASSED] - Browser is closed]]></system-out>
         <system-err><![CDATA[]]></system-err>
      </testcase>
      <system-out><![CDATA[2023-04-18 21:09:54 - [TEST_SUITE][PASSED] - multiple-info: Test Cases/Positive Case/SK002-Shopping_cart/TC001-Checkout_product]]></system-out>
      <system-err><![CDATA[]]></system-err>
   </testsuite>
</testsuites>
