<?xml version="1.0" encoding="UTF-8"?>
<testsuites name="multiple-username" time="137.293" tests="4" failures="0" errors="0">
   <testsuite name="multiple-username" tests="4" failures="0" errors="0" time="137.293" skipped="0" timestamp="2023-04-18 15:49:47" hostname="USER - 192.168.1.72" id="Test Suites/multiple-username">
      <properties>
         <property name="deviceName" value=""/>
         <property name="devicePlatform" value=""/>
         <property name="logFolder" value="C:\\Users\\USER\\git\\DDTKatalonQuiz\\Reports\\20230418_154939\\multiple-username\\20230418_154939"/>
         <property name="logFiles" value="C:\\Users\\USER\\git\\DDTKatalonQuiz\\Reports\\20230418_154939\\multiple-username\\20230418_154939\\execution0.log"/>
         <property name="attachments" value=""/>
         <property name="hostName" value="USER - 192.168.1.72"/>
         <property name="os" value="Windows 10 64bit"/>
         <property name="katalonVersion" value="8.6.0.208"/>
         <property name="browser" value="Chrome 112.0.0.0"/>
         <property name="hostAddress" value="192.168.1.72"/>
         <property name="sessionId" value="2e9a01f3dca6a2ef43c364aa83b7d695"/>
         <property name="seleniumVersion" value="3.141.59"/>
         <property name="proxyInformation" value="ProxyInformation { proxyOption=NO_PROXY, proxyServerType=HTTP, username=, password=********, proxyServerAddress=, proxyServerPort=0, executionList=&quot;&quot;, isApplyToDesiredCapabilities=true }"/>
         <property name="platform" value="Windows 10"/>
      </properties>
      <testcase name="Test Cases/Positive Case/SK001-Login/TC001-Login_Registered_User" time="27.729" classname="Test Cases/Positive Case/SK001-Login/TC001-Login_Registered_User" status="PASSED">
         <system-out><![CDATA[2023-04-18 15:49:48 - [TEST_CASE][PASSED] - Test Cases/Positive Case/SK001-Login/TC001-Login_Registered_User: Test Cases/Positive Case/SK001-Login/TC001-Login_Registered_User

2023-04-18 15:49:49 - [TEST_STEP][PASSED] - openBrowser(""): Browser is opened with url: ''

2023-04-18 15:49:51 - [MESSAGE][INFO] - Starting 'Chrome' driver

2023-04-18 15:49:51 - [MESSAGE][INFO] - Action delay is set to 0 milliseconds

2023-04-18 15:49:56 - [MESSAGE][PASSED] - Browser is opened with url: ''

2023-04-18 15:49:56 - [TEST_STEP][PASSED] - navigateToUrl("https://www.saucedemo.com/"): Navigate to 'https://www.saucedemo.com/' successfully

2023-04-18 15:50:11 - [MESSAGE][PASSED] - Navigate to 'https://www.saucedemo.com/' successfully

2023-04-18 15:50:11 - [TEST_STEP][PASSED] - setText(findTestObject("Object Repository/P001-Login/input_Swag Labs_user-name"), username): Text 'standard_user' is set on object 'Object Repository/P001-Login/input_Swag Labs_user-name'

2023-04-18 15:50:12 - [MESSAGE][PASSED] - Text 'standard_user' is set on object 'Object Repository/P001-Login/input_Swag Labs_user-name'

2023-04-18 15:50:12 - [TEST_STEP][PASSED] - setText(findTestObject("Object Repository/P001-Login/input_Swag Labs_password"), password): Text 'secret_sauce' is set on object 'Object Repository/P001-Login/input_Swag Labs_password'

2023-04-18 15:50:13 - [MESSAGE][PASSED] - Text 'secret_sauce' is set on object 'Object Repository/P001-Login/input_Swag Labs_password'

2023-04-18 15:50:13 - [TEST_STEP][PASSED] - click(findTestObject("Object Repository/P001-Login/input_Swag Labs_login-button")): Object: 'Object Repository/P001-Login/input_Swag Labs_login-button' is clicked on

2023-04-18 15:50:14 - [MESSAGE][PASSED] - Object: 'Object Repository/P001-Login/input_Swag Labs_login-button' is clicked on

2023-04-18 15:50:14 - [TEST_STEP][PASSED] - closeBrowser(): Browser is closed

2023-04-18 15:50:16 - [MESSAGE][PASSED] - Browser is closed]]></system-out>
         <system-err><![CDATA[]]></system-err>
      </testcase>
      <testcase name="Test Cases/Positive Case/SK001-Login/TC001-Login_Registered_User" time="26.652" classname="Test Cases/Positive Case/SK001-Login/TC001-Login_Registered_User" status="PASSED">
         <system-out><![CDATA[2023-04-18 15:50:16 - [TEST_CASE][PASSED] - Test Cases/Positive Case/SK001-Login/TC001-Login_Registered_User: Test Cases/Positive Case/SK001-Login/TC001-Login_Registered_User

2023-04-18 15:50:16 - [TEST_STEP][PASSED] - openBrowser(""): Browser is opened with url: ''

2023-04-18 15:50:16 - [MESSAGE][INFO] - Starting 'Chrome' driver

2023-04-18 15:50:16 - [MESSAGE][INFO] - Action delay is set to 0 milliseconds

2023-04-18 15:50:19 - [MESSAGE][PASSED] - Browser is opened with url: ''

2023-04-18 15:50:19 - [TEST_STEP][PASSED] - navigateToUrl("https://www.saucedemo.com/"): Navigate to 'https://www.saucedemo.com/' successfully

2023-04-18 15:50:39 - [MESSAGE][PASSED] - Navigate to 'https://www.saucedemo.com/' successfully

2023-04-18 15:50:39 - [TEST_STEP][PASSED] - setText(findTestObject("Object Repository/P001-Login/input_Swag Labs_user-name"), username): Text 'locked_out_user' is set on object 'Object Repository/P001-Login/input_Swag Labs_user-name'

2023-04-18 15:50:40 - [MESSAGE][PASSED] - Text 'locked_out_user' is set on object 'Object Repository/P001-Login/input_Swag Labs_user-name'

2023-04-18 15:50:40 - [TEST_STEP][PASSED] - setText(findTestObject("Object Repository/P001-Login/input_Swag Labs_password"), password): Text 'secret_sauce' is set on object 'Object Repository/P001-Login/input_Swag Labs_password'

2023-04-18 15:50:41 - [MESSAGE][PASSED] - Text 'secret_sauce' is set on object 'Object Repository/P001-Login/input_Swag Labs_password'

2023-04-18 15:50:41 - [TEST_STEP][PASSED] - click(findTestObject("Object Repository/P001-Login/input_Swag Labs_login-button")): Object: 'Object Repository/P001-Login/input_Swag Labs_login-button' is clicked on

2023-04-18 15:50:42 - [MESSAGE][PASSED] - Object: 'Object Repository/P001-Login/input_Swag Labs_login-button' is clicked on

2023-04-18 15:50:42 - [TEST_STEP][PASSED] - closeBrowser(): Browser is closed

2023-04-18 15:50:43 - [MESSAGE][PASSED] - Browser is closed]]></system-out>
         <system-err><![CDATA[]]></system-err>
      </testcase>
      <testcase name="Test Cases/Positive Case/SK001-Login/TC001-Login_Registered_User" time="29.052" classname="Test Cases/Positive Case/SK001-Login/TC001-Login_Registered_User" status="PASSED">
         <system-out><![CDATA[2023-04-18 15:50:43 - [TEST_CASE][PASSED] - Test Cases/Positive Case/SK001-Login/TC001-Login_Registered_User: Test Cases/Positive Case/SK001-Login/TC001-Login_Registered_User

2023-04-18 15:50:43 - [TEST_STEP][PASSED] - openBrowser(""): Browser is opened with url: ''

2023-04-18 15:50:43 - [MESSAGE][INFO] - Starting 'Chrome' driver

2023-04-18 15:50:43 - [MESSAGE][INFO] - Action delay is set to 0 milliseconds

2023-04-18 15:50:45 - [MESSAGE][PASSED] - Browser is opened with url: ''

2023-04-18 15:50:45 - [TEST_STEP][PASSED] - navigateToUrl("https://www.saucedemo.com/"): Navigate to 'https://www.saucedemo.com/' successfully

2023-04-18 15:51:08 - [MESSAGE][PASSED] - Navigate to 'https://www.saucedemo.com/' successfully

2023-04-18 15:51:08 - [TEST_STEP][PASSED] - setText(findTestObject("Object Repository/P001-Login/input_Swag Labs_user-name"), username): Text 'problem_user' is set on object 'Object Repository/P001-Login/input_Swag Labs_user-name'

2023-04-18 15:51:09 - [MESSAGE][PASSED] - Text 'problem_user' is set on object 'Object Repository/P001-Login/input_Swag Labs_user-name'

2023-04-18 15:51:09 - [TEST_STEP][PASSED] - setText(findTestObject("Object Repository/P001-Login/input_Swag Labs_password"), password): Text 'secret_sauce' is set on object 'Object Repository/P001-Login/input_Swag Labs_password'

2023-04-18 15:51:10 - [MESSAGE][PASSED] - Text 'secret_sauce' is set on object 'Object Repository/P001-Login/input_Swag Labs_password'

2023-04-18 15:51:10 - [TEST_STEP][PASSED] - click(findTestObject("Object Repository/P001-Login/input_Swag Labs_login-button")): Object: 'Object Repository/P001-Login/input_Swag Labs_login-button' is clicked on

2023-04-18 15:51:11 - [MESSAGE][PASSED] - Object: 'Object Repository/P001-Login/input_Swag Labs_login-button' is clicked on

2023-04-18 15:51:11 - [TEST_STEP][PASSED] - closeBrowser(): Browser is closed

2023-04-18 15:51:12 - [MESSAGE][PASSED] - Browser is closed]]></system-out>
         <system-err><![CDATA[]]></system-err>
      </testcase>
      <testcase name="Test Cases/Positive Case/SK001-Login/TC001-Login_Registered_User" time="52.398" classname="Test Cases/Positive Case/SK001-Login/TC001-Login_Registered_User" status="PASSED">
         <system-out><![CDATA[2023-04-18 15:51:12 - [TEST_CASE][PASSED] - Test Cases/Positive Case/SK001-Login/TC001-Login_Registered_User: Test Cases/Positive Case/SK001-Login/TC001-Login_Registered_User

2023-04-18 15:51:12 - [TEST_STEP][PASSED] - openBrowser(""): Browser is opened with url: ''

2023-04-18 15:51:12 - [MESSAGE][INFO] - Starting 'Chrome' driver

2023-04-18 15:51:12 - [MESSAGE][INFO] - Action delay is set to 0 milliseconds

2023-04-18 15:51:15 - [MESSAGE][PASSED] - Browser is opened with url: ''

2023-04-18 15:51:15 - [TEST_STEP][PASSED] - navigateToUrl("https://www.saucedemo.com/"): Navigate to 'https://www.saucedemo.com/' successfully

2023-04-18 15:51:56 - [MESSAGE][PASSED] - Navigate to 'https://www.saucedemo.com/' successfully

2023-04-18 15:51:56 - [TEST_STEP][PASSED] - setText(findTestObject("Object Repository/P001-Login/input_Swag Labs_user-name"), username): Text 'performance_glitch_user' is set on object 'Object Repository/P001-Login/input_Swag Labs_user-name'

2023-04-18 15:51:57 - [MESSAGE][PASSED] - Text 'performance_glitch_user' is set on object 'Object Repository/P001-Login/input_Swag Labs_user-name'

2023-04-18 15:51:57 - [TEST_STEP][PASSED] - setText(findTestObject("Object Repository/P001-Login/input_Swag Labs_password"), password): Text 'secret_sauce' is set on object 'Object Repository/P001-Login/input_Swag Labs_password'

2023-04-18 15:51:58 - [MESSAGE][PASSED] - Text 'secret_sauce' is set on object 'Object Repository/P001-Login/input_Swag Labs_password'

2023-04-18 15:51:58 - [TEST_STEP][PASSED] - click(findTestObject("Object Repository/P001-Login/input_Swag Labs_login-button")): Object: 'Object Repository/P001-Login/input_Swag Labs_login-button' is clicked on

2023-04-18 15:52:03 - [MESSAGE][PASSED] - Object: 'Object Repository/P001-Login/input_Swag Labs_login-button' is clicked on

2023-04-18 15:52:03 - [TEST_STEP][PASSED] - closeBrowser(): Browser is closed

2023-04-18 15:52:04 - [MESSAGE][PASSED] - Browser is closed]]></system-out>
         <system-err><![CDATA[]]></system-err>
      </testcase>
      <system-out><![CDATA[2023-04-18 15:49:47 - [TEST_SUITE][PASSED] - multiple-username: Test Cases/Positive Case/SK001-Login/TC001-Login_Registered_User]]></system-out>
      <system-err><![CDATA[]]></system-err>
   </testsuite>
</testsuites>
